<?xml version="1.0" encoding="UTF-8"?>
<!-- Generated by org.testng.reporters.JUnitXMLReporter -->
<testsuite ignored="5" hostname="GWTN156-9" failures="0" tests="1" name="Default test" time="0.988" errors="0" timestamp="2024-01-02T09:45:14 MST">
  <testcase classname="tests_michroTech_DataProvider.HomePageVerification" name="homePageVerify1" time="0.905"/>
  <testcase classname="tests_michroTech_DataProvider.HomePageVerification" name="homePageVerify3" time="0.0">
    <ignored/>
  </testcase> <!-- homePageVerify3 -->
  <testcase classname="tests_michroTech_DataProvider.HomePageVerification" name="homePageVerify4" time="0.0">
    <ignored/>
  </testcase> <!-- homePageVerify4 -->
  <testcase classname="tests_michroTech_DataProvider.HomePageVerification" name="homePageVerify5" time="0.0">
    <ignored/>
  </testcase> <!-- homePageVerify5 -->
  <testcase classname="tests_michroTech_DataProvider.HomePageVerification" name="homePageVerify6" time="0.0">
    <ignored/>
  </testcase> <!-- homePageVerify6 -->
  <testcase classname="tests_michroTech_DataProvider.HomePageVerification" name="homePageVerify2" time="0.0">
    <ignored/>
  </testcase> <!-- homePageVerify2 -->
</testsuite> <!-- Default test -->
